# JRE version: OpenJDK Runtime Environment (8.0_152-b01) (build 1.8.0_152-release-1024-b01)
# Java VM: OpenJDK 64-Bit Server VM (25.152-b01 mixed mode linux-amd64 compressed oops)
Heap:
 PSYoungGen      total 285696K, used 23029K [0x00000000e0000000, 0x00000000f8680000, 0x0000000100000000)
  eden space 262656K, 0% used [0x00000000e0000000,0x00000000e0000000,0x00000000f0080000)
  from space 23040K, 99% used [0x00000000f3700000,0x00000000f4d7d5e8,0x00000000f4d80000)
  to   space 55808K, 0% used [0x00000000f0080000,0x00000000f0080000,0x00000000f3700000)
 ParOldGen       total 175104K, used 89889K [0x00000000a0000000, 0x00000000aab00000, 0x00000000e0000000)
  object space 175104K, 51% used [0x00000000a0000000,0x00000000a57c8710,0x00000000aab00000)
 Metaspace       used 94390K, capacity 98260K, committed 98304K, reserved 1134592K
  class space    used 12134K, capacity 13020K, committed 13056K, reserved 1048576K
GC Heap History (10 events):
Event: 28.784 GC heap after
Heap after GC invocations=13 (full 3):
 PSYoungGen      total 263680K, used 15764K [0x00000000e0000000, 0x00000000f2d00000, 0x0000000100000000)
  eden space 247808K, 0% used [0x00000000e0000000,0x00000000e0000000,0x00000000ef200000)
  from space 15872K, 99% used [0x00000000f1d80000,0x00000000f2ce5310,0x00000000f2d00000)
  to   space 28160K, 0% used [0x00000000ef600000,0x00000000ef600000,0x00000000f1180000)
 ParOldGen       total 175104K, used 43076K [0x00000000a0000000, 0x00000000aab00000, 0x00000000e0000000)
  object space 175104K, 24% used [0x00000000a0000000,0x00000000a2a111e8,0x00000000aab00000)
 Metaspace       used 67404K, capacity 69738K, committed 70016K, reserved 1110016K
  class space    used 8929K, capacity 9529K, committed 9600K, reserved 1048576K
}
Event: 34.688 GC heap before
{Heap before GC invocations=14 (full 3):
 PSYoungGen      total 263680K, used 263572K [0x00000000e0000000, 0x00000000f2d00000, 0x0000000100000000)
  eden space 247808K, 100% used [0x00000000e0000000,0x00000000ef200000,0x00000000ef200000)
  from space 15872K, 99% used [0x00000000f1d80000,0x00000000f2ce5310,0x00000000f2d00000)
  to   space 28160K, 0% used [0x00000000ef600000,0x00000000ef600000,0x00000000f1180000)
 ParOldGen       total 175104K, used 43076K [0x00000000a0000000, 0x00000000aab00000, 0x00000000e0000000)
  object space 175104K, 24% used [0x00000000a0000000,0x00000000a2a111e8,0x00000000aab00000)
 Metaspace       used 76201K, capacity 79396K, committed 79616K, reserved 1118208K
  class space    used 10182K, capacity 10907K, committed 11008K, reserved 1048576K
Event: 34.727 GC heap after
Heap after GC invocations=14 (full 3):
 PSYoungGen      total 280064K, used 28132K [0x00000000e0000000, 0x00000000f5d80000, 0x0000000100000000)
  eden space 251904K, 0% used [0x00000000e0000000,0x00000000e0000000,0x00000000ef600000)
  from space 28160K, 99% used [0x00000000ef600000,0x00000000f1179138,0x00000000f1180000)
  to   space 32768K, 0% used [0x00000000f3d80000,0x00000000f3d80000,0x00000000f5d80000)
 ParOldGen       total 175104K, used 45691K [0x00000000a0000000, 0x00000000aab00000, 0x00000000e0000000)
  object space 175104K, 26% used [0x00000000a0000000,0x00000000a2c9ec50,0x00000000aab00000)
 Metaspace       used 76201K, capacity 79396K, committed 79616K, reserved 1118208K
  class space    used 10182K, capacity 10907K, committed 11008K, reserved 1048576K
}
Event: 1961.872 GC heap before
{Heap before GC invocations=15 (full 3):
 PSYoungGen      total 280064K, used 280036K [0x00000000e0000000, 0x00000000f5d80000, 0x0000000100000000)
  eden space 251904K, 100% used [0x00000000e0000000,0x00000000ef600000,0x00000000ef600000)
  from space 28160K, 99% used [0x00000000ef600000,0x00000000f1179138,0x00000000f1180000)
  to   space 32768K, 0% used [0x00000000f3d80000,0x00000000f3d80000,0x00000000f5d80000)
 ParOldGen       total 175104K, used 45691K [0x00000000a0000000, 0x00000000aab00000, 0x00000000e0000000)
  object space 175104K, 26% used [0x00000000a0000000,0x00000000a2c9ec50,0x00000000aab00000)
 Metaspace       used 81438K, capacity 85192K, committed 85376K, reserved 1122304K
  class space    used 10689K, capacity 11564K, committed 11648K, reserved 1048576K
Event: 1961.901 GC heap after
Heap after GC invocations=15 (full 3):
 PSYoungGen      total 273408K, used 29339K [0x00000000e0000000, 0x00000000f5a80000, 0x0000000100000000)
  eden space 243712K, 0% used [0x00000000e0000000,0x00000000e0000000,0x00000000eee00000)
  from space 29696K, 98% used [0x00000000f3d80000,0x00000000f5a26d80,0x00000000f5a80000)
  to   space 36352K, 0% used [0x00000000f1380000,0x00000000f1380000,0x00000000f3700000)
 ParOldGen       total 175104K, used 45699K [0x00000000a0000000, 0x00000000aab00000, 0x00000000e0000000)
  object space 175104K, 26% used [0x00000000a0000000,0x00000000a2ca0c50,0x00000000aab00000)
 Metaspace       used 81438K, capacity 85192K, committed 85376K, reserved 1122304K
  class space    used 10689K, capacity 11564K, committed 11648K, reserved 1048576K
}
Event: 1969.402 GC heap before
{Heap before GC invocations=16 (full 3):
 PSYoungGen      total 273408K, used 273051K [0x00000000e0000000, 0x00000000f5a80000, 0x0000000100000000)
  eden space 243712K, 100% used [0x00000000e0000000,0x00000000eee00000,0x00000000eee00000)
  from space 29696K, 98% used [0x00000000f3d80000,0x00000000f5a26d80,0x00000000f5a80000)
  to   space 36352K, 0% used [0x00000000f1380000,0x00000000f1380000,0x00000000f3700000)
 ParOldGen       total 175104K, used 45699K [0x00000000a0000000, 0x00000000aab00000, 0x00000000e0000000)
  object space 175104K, 26% used [0x00000000a0000000,0x00000000a2ca0c50,0x00000000aab00000)
 Metaspace       used 93236K, capacity 97148K, committed 97280K, reserved 1134592K
  class space    used 12033K, capacity 12936K, committed 13056K, reserved 1048576K
Event: 1969.477 GC heap after
Heap after GC invocations=16 (full 3):
 PSYoungGen      total 272384K, used 36346K [0x00000000e0000000, 0x00000000f4d80000, 0x0000000100000000)
  eden space 236032K, 0% used [0x00000000e0000000,0x00000000e0000000,0x00000000ee680000)
  from space 36352K, 99% used [0x00000000f1380000,0x00000000f36feb98,0x00000000f3700000)
  to   space 23040K, 0% used [0x00000000f3700000,0x00000000f3700000,0x00000000f4d80000)
 ParOldGen       total 175104K, used 74440K [0x00000000a0000000, 0x00000000aab00000, 0x00000000e0000000)
  object space 175104K, 42% used [0x00000000a0000000,0x00000000a48b2280,0x00000000aab00000)
 Metaspace       used 93236K, capacity 97148K, committed 97280K, reserved 1134592K
  class space    used 12033K, capacity 12936K, committed 13056K, reserved 1048576K
}
Event: 1970.427 GC heap before
{Heap before GC invocations=17 (full 3):
 PSYoungGen      total 272384K, used 85532K [0x00000000e0000000, 0x00000000f4d80000, 0x0000000100000000)
  eden space 236032K, 20% used [0x00000000e0000000,0x00000000e30085a0,0x00000000ee680000)
  from space 36352K, 99% used [0x00000000f1380000,0x00000000f36feb98,0x00000000f3700000)
  to   space 23040K, 0% used [0x00000000f3700000,0x00000000f3700000,0x00000000f4d80000)
 ParOldGen       total 175104K, used 74440K [0x00000000a0000000, 0x00000000aab00000, 0x00000000e0000000)
  object space 175104K, 42% used [0x00000000a0000000,0x00000000a48b2280,0x00000000aab00000)
 Metaspace       used 94390K, capacity 98260K, committed 98304K, reserved 1134592K
  class space    used 12134K, capacity 13020K, committed 13056K, reserved 1048576K
Event: 1970.467 GC heap after
Heap after GC invocations=17 (full 3):
 PSYoungGen      total 285696K, used 23029K [0x00000000e0000000, 0x00000000f8680000, 0x0000000100000000)
  eden space 262656K, 0% used [0x00000000e0000000,0x00000000e0000000,0x00000000f0080000)
  from space 23040K, 99% used [0x00000000f3700000,0x00000000f4d7d5e8,0x00000000f4d80000)
  to   space 55808K, 0% used [0x00000000f0080000,0x00000000f0080000,0x00000000f3700000)
 ParOldGen       total 175104K, used 89889K [0x00000000a0000000, 0x00000000aab00000, 0x00000000e0000000)
  object space 175104K, 51% used [0x00000000a0000000,0x00000000a57c8710,0x00000000aab00000)
 Metaspace       used 94390K, capacity 98260K, committed 98304K, reserved 1134592K
  class space    used 12134K, capacity 13020K, committed 13056K, reserved 1048576K
}
Event: 1970.467 GC heap before
{Heap before GC invocations=18 (full 4):
 PSYoungGen      total 285696K, used 23029K [0x00000000e0000000, 0x00000000f8680000, 0x0000000100000000)
  eden space 262656K, 0% used [0x00000000e0000000,0x00000000e0000000,0x00000000f0080000)
  from space 23040K, 99% used [0x00000000f3700000,0x00000000f4d7d5e8,0x00000000f4d80000)
  to   space 55808K, 0% used [0x00000000f0080000,0x00000000f0080000,0x00000000f3700000)
 ParOldGen       total 175104K, used 89889K [0x00000000a0000000, 0x00000000aab00000, 0x00000000e0000000)
  object space 175104K, 51% used [0x00000000a0000000,0x00000000a57c8710,0x00000000aab00000)
 Metaspace       used 94390K, capacity 98260K, committed 98304K, reserved 1134592K
  class space    used 12134K, capacity 13020K, committed 13056K, reserved 1048576K

